<?xml version="1.0"?>
<ArrayOfExamRecord xmlns:xsi="http://www.w3.org/2001/XMLSchema-instance" xmlns:xsd="http://www.w3.org/2001/XMLSchema">
  <ExamRecord>
    <TestDate>09/11/2024</TestDate>
    <Name>nghiem</Name>
    <Category>Toán</Category>
    <Score>10</Score>
  </ExamRecord>
  <ExamRecord>
    <TestDate>09/11/2024</TestDate>
    <Name>nghiem</Name>
    <Category>Toán</Category>
    <Score>0</Score>
  </ExamRecord>
  <ExamRecord>
    <TestDate>09/11/2024</TestDate>
    <Name>nghiem</Name>
    <Category>Toán</Category>
    <Score>0</Score>
  </ExamRecord>
  <ExamRecord>
    <TestDate>09/11/2024</TestDate>
    <Name>Bailu</Name>
    <Category>Toán</Category>
    <Score>1</Score>
  </ExamRecord>
  <ExamRecord>
    <TestDate>09/11/2024</TestDate>
    <Name>Bailu</Name>
    <Category>Toán</Category>
    <Score>1</Score>
  </ExamRecord>
  <ExamRecord>
    <TestDate>09/11/2024</TestDate>
    <Name>Bailu</Name>
    <Category>Toán</Category>
    <Score>1</Score>
  </ExamRecord>
  <ExamRecord>
    <TestDate>09/11/2024</TestDate>
    <Name>Bailu</Name>
    <Category>Toán</Category>
    <Score>1</Score>
  </ExamRecord>
  <ExamRecord>
    <TestDate>09/11/2024</TestDate>
    <Name>Bailu</Name>
    <Category>Toán</Category>
    <Score>2</Score>
  </ExamRecord>
  <ExamRecord>
    <TestDate>09/11/2024</TestDate>
    <Name>Bailu</Name>
    <Category>Toán</Category>
    <Score>3</Score>
  </ExamRecord>
  <ExamRecord>
    <TestDate>08/11/2024</TestDate>
    <Name>Bailu</Name>
    <Category>Lý</Category>
    <Score>10</Score>
  </ExamRecord>
  <ExamRecord>
    <TestDate>08/11/2024</TestDate>
    <Name>Đạt cute</Name>
    <Category>Hóa</Category>
    <Score>0</Score>
  </ExamRecord>
</ArrayOfExamRecord>